.\Debug\main.ilk
.\Debug\main.pdb
E:\graphdev\ModelDrawD01\OutLiner\outliner_1\outliner_\.\Debug\main.exe
E:\graphdev\ModelDrawD01\OutLiner\outliner_1\outliner_\.\Debug\main.exe.intermediate.manifest
E:\graphdev\ModelDrawD01\OutLiner\outliner_1\outliner_\.\Debug\main.exe.manifest
E:\graphdev\ModelDrawD01\OutLiner\outliner_1\outliner_\Debug\cl.command.1.tlog
E:\graphdev\ModelDrawD01\OutLiner\outliner_1\outliner_\Debug\CL.read.1.tlog
E:\graphdev\ModelDrawD01\OutLiner\outliner_1\outliner_\Debug\CL.write.1.tlog
E:\graphdev\ModelDrawD01\OutLiner\outliner_1\outliner_\Debug\link.command.1.tlog
E:\graphdev\ModelDrawD01\OutLiner\outliner_1\outliner_\Debug\link.read.1.tlog
E:\graphdev\ModelDrawD01\OutLiner\outliner_1\outliner_\Debug\link.write.1.tlog
E:\GRAPHDEV\MODELDRAWD01\OUTLINER\OUTLINER_1\OUTLINER_\DEBUG\MAIN.EXE
E:\GRAPHDEV\MODELDRAWD01\OUTLINER\OUTLINER_1\OUTLINER_\DEBUG\MAIN.EXE.INTERMEDIATE.MANIFEST
E:\GRAPHDEV\MODELDRAWD01\OUTLINER\OUTLINER_1\OUTLINER_\DEBUG\MAIN.EXE.MANIFEST
E:\GRAPHDEV\MODELDRAWD01\OUTLINER\OUTLINER_1\OUTLINER_\DEBUG\MAIN.ILK
E:\GRAPHDEV\MODELDRAWD01\OUTLINER\OUTLINER_1\OUTLINER_\DEBUG\MAIN.OBJ
E:\GRAPHDEV\MODELDRAWD01\OUTLINER\OUTLINER_1\OUTLINER_\DEBUG\MAIN.PDB
E:\graphdev\ModelDrawD01\OutLiner\outliner_1\outliner_\Debug\main.write.1.tlog
E:\graphdev\ModelDrawD01\OutLiner\outliner_1\outliner_\Debug\mt.command.1.tlog
E:\graphdev\ModelDrawD01\OutLiner\outliner_1\outliner_\Debug\mt.read.1.tlog
E:\graphdev\ModelDrawD01\OutLiner\outliner_1\outliner_\Debug\mt.write.1.tlog
E:\graphdev\ModelDrawD01\OutLiner\outliner_1\outliner_\Debug\vc100.idb
E:\GRAPHDEV\MODELDRAWD01\OUTLINER\OUTLINER_1\OUTLINER_\DEBUG\VC100.PDB
