E:\GRAPHDEV\MODELDRAWD01\3DDRAW01\DEBUG\3DDRAW.EXE
E:\graphdev\ModelDrawD01\3dDraw01\Debug\3dDraw.exe.intermediate.manifest
E:\graphdev\ModelDrawD01\3dDraw01\Debug\3dDraw.ilk
E:\GRAPHDEV\MODELDRAWD01\3DDRAW01\DEBUG\3DDRAW.PDB
E:\graphdev\ModelDrawD01\3dDraw01\Debug\3dDraw.write.1.tlog
E:\GRAPHDEV\MODELDRAWD01\3DDRAW01\DEBUG\3DS.OBJ
E:\GRAPHDEV\MODELDRAWD01\3DDRAW01\DEBUG\API.OBJ
E:\graphdev\ModelDrawD01\3dDraw01\Debug\cl.command.1.tlog
E:\graphdev\ModelDrawD01\3dDraw01\Debug\CL.read.1.tlog
E:\graphdev\ModelDrawD01\3dDraw01\Debug\CL.write.1.tlog
E:\GRAPHDEV\MODELDRAWD01\3DDRAW01\DEBUG\CLIP.OBJ
E:\GRAPHDEV\MODELDRAWD01\3DDRAW01\DEBUG\ERROR.OBJ
E:\GRAPHDEV\MODELDRAWD01\3DDRAW01\DEBUG\GLU.OBJ
E:\GRAPHDEV\MODELDRAWD01\3DDRAW01\DEBUG\GLX.OBJ
E:\GRAPHDEV\MODELDRAWD01\3DDRAW01\DEBUG\IMAGE_UTIL.OBJ
E:\GRAPHDEV\MODELDRAWD01\3DDRAW01\DEBUG\INIT.OBJ
E:\GRAPHDEV\MODELDRAWD01\3DDRAW01\DEBUG\KH_PROJECT.OBJ
E:\GRAPHDEV\MODELDRAWD01\3DDRAW01\DEBUG\LIGHT.OBJ
E:\graphdev\ModelDrawD01\3dDraw01\Debug\link.command.1.tlog
E:\graphdev\ModelDrawD01\3dDraw01\Debug\link.read.1.tlog
E:\graphdev\ModelDrawD01\3dDraw01\Debug\link.write.1.tlog
E:\GRAPHDEV\MODELDRAWD01\3DDRAW01\DEBUG\LIST.OBJ
E:\GRAPHDEV\MODELDRAWD01\3DDRAW01\DEBUG\MAIN.OBJ
E:\GRAPHDEV\MODELDRAWD01\3DDRAW01\DEBUG\MATRIX.OBJ
E:\GRAPHDEV\MODELDRAWD01\3DDRAW01\DEBUG\MEMORY.OBJ
E:\GRAPHDEV\MODELDRAWD01\3DDRAW01\DEBUG\MISC.OBJ
E:\GRAPHDEV\MODELDRAWD01\3DDRAW01\DEBUG\MSGHANDLING.OBJ
E:\graphdev\ModelDrawD01\3dDraw01\Debug\mt.command.1.tlog
E:\graphdev\ModelDrawD01\3dDraw01\Debug\mt.read.1.tlog
E:\graphdev\ModelDrawD01\3dDraw01\Debug\mt.write.1.tlog
E:\GRAPHDEV\MODELDRAWD01\3DDRAW01\DEBUG\SPECBUF.OBJ
E:\GRAPHDEV\MODELDRAWD01\3DDRAW01\DEBUG\TEXTURE.OBJ
E:\graphdev\ModelDrawD01\3dDraw01\Debug\vc100.idb
E:\GRAPHDEV\MODELDRAWD01\3DDRAW01\DEBUG\VC100.PDB
E:\GRAPHDEV\MODELDRAWD01\3DDRAW01\DEBUG\VERTEX.OBJ
E:\GRAPHDEV\MODELDRAWD01\3DDRAW01\DEBUG\ZBUFFER.OBJ
E:\GRAPHDEV\MODELDRAWD01\3DDRAW01\DEBUG\ZTRIANGLE.OBJ
