生成启动时间为 2018/12/20 6:26:43。
项目“E:\graphdev\ModelDrawD01\3dDraw01\3dDraw.vcxproj”在节点 2 上(build 个目标)。
InitializeBuildStatus:
  正在创建“Debug\3dDraw.unsuccessfulbuild”，因为已指定“AlwaysCreate”。
ClCompile:
  所有输出均为最新。
Link:
  c:\Program Files (x86)\Microsoft Visual Studio 10.0\VC\bin\link.exe /ERRORREPORT:PROMPT /OUT:"E:\graphdev\ModelDrawD01\3dDraw01\Debug\3dDraw.exe" /NOLOGO kernel32.lib user32.lib gdi32.lib winspool.lib comdlg32.lib advapi32.lib shell32.lib ole32.lib oleaut32.lib uuid.lib odbc32.lib odbccp32.lib /MANIFEST /ManifestFile:"Debug\3dDraw.exe.intermediate.manifest" /MANIFESTUAC:"level='asInvoker' uiAccess='false'" /DEBUG /PDB:"E:\graphdev\ModelDrawD01\3dDraw01\Debug\3dDraw.pdb" /TLBID:1 /DYNAMICBASE /NXCOMPAT /IMPLIB:"E:\graphdev\ModelDrawD01\3dDraw01\Debug\3dDraw.lib" /MACHINE:X86 Debug\3DS.obj
  Debug\main.obj
  Debug\api.obj
  Debug\clip.obj
  Debug\error.obj
  Debug\glu.obj
  Debug\glx.obj
  Debug\image_util.obj
  Debug\init.obj
  Debug\kh_project.obj
  Debug\light.obj
  Debug\matrix.obj
  Debug\memory.obj
  Debug\misc.obj
  Debug\msghandling.obj
  Debug\specbuf.obj
  Debug\vertex.obj
  Debug\zbuffer.obj
  Debug\ztriangle.obj
  LINK : 没有找到 E:\graphdev\ModelDrawD01\3dDraw01\Debug\3dDraw.exe 或上一个增量链接没有生成它；正在执行完全链接
  3dDraw.vcxproj -> E:\graphdev\ModelDrawD01\3dDraw01\Debug\3dDraw.exe
Manifest:
  c:\Program Files (x86)\Microsoft SDKs\Windows\v7.0A\bin\mt.exe /nologo /verbose /outputresource:"E:\graphdev\ModelDrawD01\3dDraw01\Debug\3dDraw.exe;#1" /manifest Debug\3dDraw.exe.intermediate.manifest
FinalizeBuildStatus:
  正在删除文件“Debug\3dDraw.unsuccessfulbuild”。
  正在对“Debug\3dDraw.lastbuildstate”执行 Touch 任务。
已完成生成项目“E:\graphdev\ModelDrawD01\3dDraw01\3dDraw.vcxproj”(build 个目标)的操作。

生成成功。

已用时间 00:00:01.47
