F:\TZWANG\GRAPHICS\MODELDRAWD01\3DDRAW01\DEBUG\3DDRAW.EXE
F:\TZWANG\GRAPHICS\MODELDRAWD01\3DDRAW01\DEBUG\3DDRAW.EXE.INTERMEDIATE.MANIFEST
F:\TZWANG\GRAPHICS\MODELDRAWD01\3DDRAW01\DEBUG\3DDRAW.ILK
F:\TZWANG\GRAPHICS\MODELDRAWD01\3DDRAW01\DEBUG\3DDRAW.PDB
F:\TZWANG\GRAPHICS\MODELDRAWD01\3DDRAW01\DEBUG\3DS.OBJ
F:\TZWANG\GRAPHICS\MODELDRAWD01\3DDRAW01\DEBUG\API.OBJ
F:\TZWANG\GRAPHICS\MODELDRAWD01\3DDRAW01\DEBUG\CLIP.OBJ
F:\TZWANG\GRAPHICS\MODELDRAWD01\3DDRAW01\DEBUG\ERROR.OBJ
F:\TZWANG\GRAPHICS\MODELDRAWD01\3DDRAW01\DEBUG\GLU.OBJ
F:\TZWANG\GRAPHICS\MODELDRAWD01\3DDRAW01\DEBUG\GLX.OBJ
F:\TZWANG\GRAPHICS\MODELDRAWD01\3DDRAW01\DEBUG\IMAGE_UTIL.OBJ
F:\TZWANG\GRAPHICS\MODELDRAWD01\3DDRAW01\DEBUG\INIT.OBJ
F:\TZWANG\GRAPHICS\MODELDRAWD01\3DDRAW01\DEBUG\KH_PROJECT.OBJ
F:\TZWANG\GRAPHICS\MODELDRAWD01\3DDRAW01\DEBUG\LIGHT.OBJ
F:\TZWANG\GRAPHICS\MODELDRAWD01\3DDRAW01\DEBUG\MAIN.OBJ
F:\TZWANG\GRAPHICS\MODELDRAWD01\3DDRAW01\DEBUG\MATRIX.OBJ
F:\TZWANG\GRAPHICS\MODELDRAWD01\3DDRAW01\DEBUG\MEMORY.OBJ
F:\TZWANG\GRAPHICS\MODELDRAWD01\3DDRAW01\DEBUG\MISC.OBJ
F:\TZWANG\GRAPHICS\MODELDRAWD01\3DDRAW01\DEBUG\MSGHANDLING.OBJ
F:\TZWANG\GRAPHICS\MODELDRAWD01\3DDRAW01\DEBUG\SPECBUF.OBJ
F:\TZWANG\GRAPHICS\MODELDRAWD01\3DDRAW01\DEBUG\VC100.PDB
F:\TZWANG\GRAPHICS\MODELDRAWD01\3DDRAW01\DEBUG\VERTEX.OBJ
F:\TZWANG\GRAPHICS\MODELDRAWD01\3DDRAW01\DEBUG\ZBUFFER.OBJ
F:\TZWANG\GRAPHICS\MODELDRAWD01\3DDRAW01\DEBUG\ZTRIANGLE.OBJ
F:\tzwang\graphics\ModelDrawD01\3dDraw02\Debug\3dDraw.exe
F:\tzwang\graphics\ModelDrawD01\3dDraw02\Debug\3dDraw.exe.intermediate.manifest
F:\tzwang\graphics\ModelDrawD01\3dDraw02\Debug\3dDraw.ilk
F:\tzwang\graphics\ModelDrawD01\3dDraw02\Debug\3dDraw.pdb
F:\tzwang\graphics\ModelDrawD01\3dDraw02\Debug\3dDraw.vcxprojResolveAssemblyReference.cache
F:\tzwang\graphics\ModelDrawD01\3dDraw02\Debug\3dDraw.write.1.tlog
F:\tzwang\graphics\ModelDrawD01\3dDraw02\Debug\3DS.obj
F:\tzwang\graphics\ModelDrawD01\3dDraw02\Debug\api.obj
F:\tzwang\graphics\ModelDrawD01\3dDraw02\Debug\cl.command.1.tlog
F:\tzwang\graphics\ModelDrawD01\3dDraw02\Debug\CL.read.1.tlog
F:\tzwang\graphics\ModelDrawD01\3dDraw02\Debug\CL.write.1.tlog
F:\tzwang\graphics\ModelDrawD01\3dDraw02\Debug\clip.obj
F:\tzwang\graphics\ModelDrawD01\3dDraw02\Debug\error.obj
F:\tzwang\graphics\ModelDrawD01\3dDraw02\Debug\glu.obj
F:\tzwang\graphics\ModelDrawD01\3dDraw02\Debug\glx.obj
F:\tzwang\graphics\ModelDrawD01\3dDraw02\Debug\image_util.obj
F:\tzwang\graphics\ModelDrawD01\3dDraw02\Debug\init.obj
F:\tzwang\graphics\ModelDrawD01\3dDraw02\Debug\kh_project.obj
F:\tzwang\graphics\ModelDrawD01\3dDraw02\Debug\light.obj
F:\tzwang\graphics\ModelDrawD01\3dDraw02\Debug\link.command.1.tlog
F:\tzwang\graphics\ModelDrawD01\3dDraw02\Debug\link.read.1.tlog
F:\tzwang\graphics\ModelDrawD01\3dDraw02\Debug\link.write.1.tlog
F:\tzwang\graphics\ModelDrawD01\3dDraw02\Debug\main.obj
F:\tzwang\graphics\ModelDrawD01\3dDraw02\Debug\matrix.obj
F:\tzwang\graphics\ModelDrawD01\3dDraw02\Debug\memory.obj
F:\tzwang\graphics\ModelDrawD01\3dDraw02\Debug\misc.obj
F:\tzwang\graphics\ModelDrawD01\3dDraw02\Debug\msghandling.obj
F:\tzwang\graphics\ModelDrawD01\3dDraw02\Debug\mt.command.1.tlog
F:\tzwang\graphics\ModelDrawD01\3dDraw02\Debug\mt.read.1.tlog
F:\tzwang\graphics\ModelDrawD01\3dDraw02\Debug\mt.write.1.tlog
F:\tzwang\graphics\ModelDrawD01\3dDraw02\Debug\specbuf.obj
F:\tzwang\graphics\ModelDrawD01\3dDraw02\Debug\vc100.idb
F:\tzwang\graphics\ModelDrawD01\3dDraw02\Debug\vc100.pdb
F:\tzwang\graphics\ModelDrawD01\3dDraw02\Debug\vertex.obj
F:\tzwang\graphics\ModelDrawD01\3dDraw02\Debug\zbuffer.obj
F:\tzwang\graphics\ModelDrawD01\3dDraw02\Debug\ztriangle.obj
