D:\graphdev\ModelDrawD01\3dDrawOOP\Debug\3dDraw.write.1.tlog
D:\GRAPHDEV\MODELDRAWD01\3DDRAWOOP\DEBUG\3DS.OBJ
D:\GRAPHDEV\MODELDRAWD01\3DDRAWOOP\DEBUG\API.OBJ
D:\graphdev\ModelDrawD01\3dDrawOOP\Debug\cl.command.1.tlog
D:\graphdev\ModelDrawD01\3dDrawOOP\Debug\CL.read.1.tlog
D:\graphdev\ModelDrawD01\3dDrawOOP\Debug\CL.write.1.tlog
D:\GRAPHDEV\MODELDRAWD01\3DDRAWOOP\DEBUG\CLIP.OBJ
D:\GRAPHDEV\MODELDRAWD01\3DDRAWOOP\DEBUG\ERROR.OBJ
D:\GRAPHDEV\MODELDRAWD01\3DDRAWOOP\DEBUG\GLX.OBJ
D:\GRAPHDEV\MODELDRAWD01\3DDRAWOOP\DEBUG\IMAGE_UTIL.OBJ
D:\GRAPHDEV\MODELDRAWD01\3DDRAWOOP\DEBUG\INIT.OBJ
D:\GRAPHDEV\MODELDRAWD01\3DDRAWOOP\DEBUG\KH_PROJECT.OBJ
D:\GRAPHDEV\MODELDRAWD01\3DDRAWOOP\DEBUG\LIGHT.OBJ
D:\GRAPHDEV\MODELDRAWD01\3DDRAWOOP\DEBUG\MATRIX.OBJ
D:\GRAPHDEV\MODELDRAWD01\3DDRAWOOP\DEBUG\MISC.OBJ
D:\GRAPHDEV\MODELDRAWD01\3DDRAWOOP\DEBUG\MSGHANDLING.OBJ
D:\GRAPHDEV\MODELDRAWD01\3DDRAWOOP\DEBUG\SPECBUF.OBJ
D:\graphdev\ModelDrawD01\3dDrawOOP\Debug\vc100.idb
D:\GRAPHDEV\MODELDRAWD01\3DDRAWOOP\DEBUG\VC100.PDB
D:\GRAPHDEV\MODELDRAWD01\3DDRAWOOP\DEBUG\VERTEX.OBJ
D:\GRAPHDEV\MODELDRAWD01\3DDRAWOOP\DEBUG\ZBUFFER.OBJ
D:\GRAPHDEV\MODELDRAWD01\3DDRAWOOP\DEBUG\ZTRIANGLE.OBJ
