F:\tzwang\graphics\ModelDrawD01\3dDraw03MdName\Debug\3dDraw.exe
F:\tzwang\graphics\ModelDrawD01\3dDraw03MdName\Debug\3dDraw.exe.intermediate.manifest
F:\TZWANG\GRAPHICS\MODELDRAWD01\3DDRAW03MDNAME\DEBUG\3DDRAW.ILK
F:\TZWANG\GRAPHICS\MODELDRAWD01\3DDRAW03MDNAME\DEBUG\3DDRAW.PDB
F:\tzwang\graphics\ModelDrawD01\3dDraw03MdName\Debug\3dDraw.vcxprojResolveAssemblyReference.cache
F:\tzwang\graphics\ModelDrawD01\3dDraw03MdName\Debug\3dDraw.write.1.tlog
F:\TZWANG\GRAPHICS\MODELDRAWD01\3DDRAW03MDNAME\DEBUG\3DS.OBJ
F:\TZWANG\GRAPHICS\MODELDRAWD01\3DDRAW03MDNAME\DEBUG\API.OBJ
F:\tzwang\graphics\ModelDrawD01\3dDraw03MdName\Debug\cl.command.1.tlog
F:\tzwang\graphics\ModelDrawD01\3dDraw03MdName\Debug\CL.read.1.tlog
F:\tzwang\graphics\ModelDrawD01\3dDraw03MdName\Debug\CL.write.1.tlog
F:\TZWANG\GRAPHICS\MODELDRAWD01\3DDRAW03MDNAME\DEBUG\CLIP.OBJ
F:\TZWANG\GRAPHICS\MODELDRAWD01\3DDRAW03MDNAME\DEBUG\ERROR.OBJ
F:\TZWANG\GRAPHICS\MODELDRAWD01\3DDRAW03MDNAME\DEBUG\GLU.OBJ
F:\TZWANG\GRAPHICS\MODELDRAWD01\3DDRAW03MDNAME\DEBUG\GLX.OBJ
F:\TZWANG\GRAPHICS\MODELDRAWD01\3DDRAW03MDNAME\DEBUG\IMAGE_UTIL.OBJ
F:\TZWANG\GRAPHICS\MODELDRAWD01\3DDRAW03MDNAME\DEBUG\INIT.OBJ
F:\TZWANG\GRAPHICS\MODELDRAWD01\3DDRAW03MDNAME\DEBUG\KH_PROJECT.OBJ
F:\TZWANG\GRAPHICS\MODELDRAWD01\3DDRAW03MDNAME\DEBUG\LIGHT.OBJ
F:\tzwang\graphics\ModelDrawD01\3dDraw03MdName\Debug\link.command.1.tlog
F:\tzwang\graphics\ModelDrawD01\3dDraw03MdName\Debug\link.read.1.tlog
F:\tzwang\graphics\ModelDrawD01\3dDraw03MdName\Debug\link.write.1.tlog
F:\TZWANG\GRAPHICS\MODELDRAWD01\3DDRAW03MDNAME\DEBUG\MAIN.OBJ
F:\TZWANG\GRAPHICS\MODELDRAWD01\3DDRAW03MDNAME\DEBUG\MATRIX.OBJ
F:\TZWANG\GRAPHICS\MODELDRAWD01\3DDRAW03MDNAME\DEBUG\MEMORY.OBJ
F:\TZWANG\GRAPHICS\MODELDRAWD01\3DDRAW03MDNAME\DEBUG\MISC.OBJ
F:\TZWANG\GRAPHICS\MODELDRAWD01\3DDRAW03MDNAME\DEBUG\MSGHANDLING.OBJ
F:\tzwang\graphics\ModelDrawD01\3dDraw03MdName\Debug\mt.command.1.tlog
F:\tzwang\graphics\ModelDrawD01\3dDraw03MdName\Debug\mt.read.1.tlog
F:\tzwang\graphics\ModelDrawD01\3dDraw03MdName\Debug\mt.write.1.tlog
F:\TZWANG\GRAPHICS\MODELDRAWD01\3DDRAW03MDNAME\DEBUG\SPECBUF.OBJ
F:\tzwang\graphics\ModelDrawD01\3dDraw03MdName\Debug\vc100.idb
F:\TZWANG\GRAPHICS\MODELDRAWD01\3DDRAW03MDNAME\DEBUG\VC100.PDB
F:\TZWANG\GRAPHICS\MODELDRAWD01\3DDRAW03MDNAME\DEBUG\VERTEX.OBJ
F:\TZWANG\GRAPHICS\MODELDRAWD01\3DDRAW03MDNAME\DEBUG\ZBUFFER.OBJ
F:\TZWANG\GRAPHICS\MODELDRAWD01\3DDRAW03MDNAME\DEBUG\ZTRIANGLE.OBJ
