Build started 2018/12/23 星期日 4:39:39.
Project "F:\tzwang\graphics\ModelDrawD01\3dDraw01\3dDraw.vcxproj" on node 2 (rebuild target(s)).
_PrepareForClean:
  Deleting file "Debug\3dDraw.lastbuildstate".
InitializeBuildStatus:
  Creating "Debug\3dDraw.unsuccessfulbuild" because "AlwaysCreate" was specified.
ClCompile:
  c:\Program Files (x86)\Microsoft Visual Studio 10.0\VC\bin\CL.exe /c /Iinclude /ITyGL /I.\include /ZI /nologo /W3 /WX- /Od /Oy- /D _MBCS /Gm /EHsc /RTC1 /MDd /Zp1 /GS /fp:precise /Zc:wchar_t /Zc:forScope /Fo"Debug\\" /Fd"Debug\vc100.pdb" /Gd /TP /analyze- /errorReport:prompt 3DS.cpp main.cpp TyGL\api.cpp TyGL\clip.cpp TyGL\error.cpp TyGL\glu.cpp TyGL\glx.cpp TyGL\image_util.cpp TyGL\init.cpp TyGL\kh_project.cpp TyGL\light.cpp TyGL\matrix.cpp TyGL\memory.cpp TyGL\misc.cpp TyGL\msghandling.cpp TyGL\specbuf.cpp TyGL\vertex.cpp TyGL\zbuffer.cpp TyGL\ztriangle.cpp
  ztriangle.cpp
f:\tzwang\graphics\modeldrawd01\3ddraw01\tygl\ztriangle.cpp(76): warning C4244: '=' : conversion from 'int' to 'float', possible loss of data
f:\tzwang\graphics\modeldrawd01\3ddraw01\tygl\ztriangle.cpp(77): warning C4244: '=' : conversion from 'int' to 'float', possible loss of data
f:\tzwang\graphics\modeldrawd01\3ddraw01\tygl\ztriangle.cpp(79): warning C4244: '=' : conversion from 'int' to 'float', possible loss of data
f:\tzwang\graphics\modeldrawd01\3ddraw01\tygl\ztriangle.cpp(80): warning C4244: '=' : conversion from 'int' to 'float', possible loss of data
f:\tzwang\graphics\modeldrawd01\3ddraw01\tygl\ztriangle.cpp(85): warning C4244: '=' : conversion from 'double' to 'float', possible loss of data
f:\tzwang\graphics\modeldrawd01\3ddraw01\tygl\ztriangle.cpp(93): warning C4244: '=' : conversion from 'int' to 'float', possible loss of data
f:\tzwang\graphics\modeldrawd01\3ddraw01\tygl\ztriangle.cpp(94): warning C4244: '=' : conversion from 'int' to 'float', possible loss of data
f:\tzwang\graphics\modeldrawd01\3ddraw01\tygl\ztriangle.cpp(98): warning C4244: '=' : conversion from 'int' to 'float', possible loss of data
f:\tzwang\graphics\modeldrawd01\3ddraw01\tygl\ztriangle.cpp(99): warning C4244: '=' : conversion from 'int' to 'float', possible loss of data
f:\tzwang\graphics\modeldrawd01\3ddraw01\tygl\ztriangle.cpp(103): warning C4244: '=' : conversion from 'int' to 'float', possible loss of data
f:\tzwang\graphics\modeldrawd01\3ddraw01\tygl\ztriangle.cpp(104): warning C4244: '=' : conversion from 'int' to 'float', possible loss of data
f:\tzwang\graphics\modeldrawd01\3ddraw01\tygl\ztriangle.cpp(108): warning C4244: '=' : conversion from 'int' to 'float', possible loss of data
f:\tzwang\graphics\modeldrawd01\3ddraw01\tygl\ztriangle.cpp(109): warning C4244: '=' : conversion from 'int' to 'float', possible loss of data
f:\tzwang\graphics\modeldrawd01\3ddraw01\tygl\ztriangle.cpp(368): warning C4244: '=' : conversion from 'int' to 'float', possible loss of data
f:\tzwang\graphics\modeldrawd01\3ddraw01\tygl\ztriangle.cpp(369): warning C4244: '=' : conversion from 'int' to 'float', possible loss of data
f:\tzwang\graphics\modeldrawd01\3ddraw01\tygl\ztriangle.cpp(371): warning C4244: '=' : conversion from 'int' to 'float', possible loss of data
f:\tzwang\graphics\modeldrawd01\3ddraw01\tygl\ztriangle.cpp(372): warning C4244: '=' : conversion from 'int' to 'float', possible loss of data
f:\tzwang\graphics\modeldrawd01\3ddraw01\tygl\ztriangle.cpp(377): warning C4244: '=' : conversion from 'double' to 'float', possible loss of data
f:\tzwang\graphics\modeldrawd01\3ddraw01\tygl\ztriangle.cpp(385): warning C4244: '=' : conversion from 'int' to 'float', possible loss of data
f:\tzwang\graphics\modeldrawd01\3ddraw01\tygl\ztriangle.cpp(386): warning C4244: '=' : conversion from 'int' to 'float', possible loss of data
f:\tzwang\graphics\modeldrawd01\3ddraw01\tygl\ztriangle.cpp(526): warning C4244: '=' : conversion from 'double' to 'float', possible loss of data
f:\tzwang\graphics\modeldrawd01\3ddraw01\tygl\ztriangle.cpp(542): warning C4244: '=' : conversion from 'double' to 'float', possible loss of data
f:\tzwang\graphics\modeldrawd01\3ddraw01\tygl\ztriangle.cpp(336): warning C4101: 'drdy' : unreferenced local variable
f:\tzwang\graphics\modeldrawd01\3ddraw01\tygl\ztriangle.cpp(342): warning C4101: 'dtdl_min' : unreferenced local variable
f:\tzwang\graphics\modeldrawd01\3ddraw01\tygl\ztriangle.cpp(341): warning C4101: 'dsdy' : unreferenced local variable
f:\tzwang\graphics\modeldrawd01\3ddraw01\tygl\ztriangle.cpp(337): warning C4101: 'dgdx' : unreferenced local variable
f:\tzwang\graphics\modeldrawd01\3ddraw01\tygl\ztriangle.cpp(342): warning C4101: 'dtdy' : unreferenced local variable
f:\tzwang\graphics\modeldrawd01\3ddraw01\tygl\ztriangle.cpp(336): warning C4101: 'r1' : unreferenced local variable
f:\tzwang\graphics\modeldrawd01\3ddraw01\tygl\ztriangle.cpp(337): warning C4101: 'dgdy' : unreferenced local variable
f:\tzwang\graphics\modeldrawd01\3ddraw01\tygl\ztriangle.cpp(341): warning C4101: 'dsdl_max' : unreferenced local variable
f:\tzwang\graphics\modeldrawd01\3ddraw01\tygl\ztriangle.cpp(336): warning C4101: 'drdl_min' : unreferenced local variable
f:\tzwang\graphics\modeldrawd01\3ddraw01\tygl\ztriangle.cpp(337): warning C4101: 'dgdl_min' : unreferenced local variable
f:\tzwang\graphics\modeldrawd01\3ddraw01\tygl\ztriangle.cpp(341): warning C4101: 'dsdl_min' : unreferenced local variable
f:\tzwang\graphics\modeldrawd01\3ddraw01\tygl\ztriangle.cpp(338): warning C4101: 'dbdl_min' : unreferenced local variable
f:\tzwang\graphics\modeldrawd01\3ddraw01\tygl\ztriangle.cpp(338): warning C4101: 'dbdx' : unreferenced local variable
f:\tzwang\graphics\modeldrawd01\3ddraw01\tygl\ztriangle.cpp(337): warning C4101: 'dgdl_max' : unreferenced local variable
f:\tzwang\graphics\modeldrawd01\3ddraw01\tygl\ztriangle.cpp(342): warning C4101: 'dtdl_max' : unreferenced local variable
f:\tzwang\graphics\modeldrawd01\3ddraw01\tygl\ztriangle.cpp(341): warning C4101: 's1' : unreferenced local variable
f:\tzwang\graphics\modeldrawd01\3ddraw01\tygl\ztriangle.cpp(338): warning C4101: 'dbdl_max' : unreferenced local variable
f:\tzwang\graphics\modeldrawd01\3ddraw01\tygl\ztriangle.cpp(337): warning C4101: 'g1' : unreferenced local variable
f:\tzwang\graphics\modeldrawd01\3ddraw01\tygl\ztriangle.cpp(342): warning C4101: 't1' : unreferenced local variable
f:\tzwang\graphics\modeldrawd01\3ddraw01\tygl\ztriangle.cpp(336): warning C4101: 'drdx' : unreferenced local variable
f:\tzwang\graphics\modeldrawd01\3ddraw01\tygl\ztriangle.cpp(341): warning C4101: 'dsdx' : unreferenced local variable
f:\tzwang\graphics\modeldrawd01\3ddraw01\tygl\ztriangle.cpp(338): warning C4101: 'dbdy' : unreferenced local variable
f:\tzwang\graphics\modeldrawd01\3ddraw01\tygl\ztriangle.cpp(342): warning C4101: 'dtdx' : unreferenced local variable
f:\tzwang\graphics\modeldrawd01\3ddraw01\tygl\ztriangle.cpp(336): warning C4101: 'drdl_max' : unreferenced local variable
f:\tzwang\graphics\modeldrawd01\3ddraw01\tygl\ztriangle.cpp(338): warning C4101: 'b1' : unreferenced local variable
  zbuffer.cpp
  vertex.cpp
f:\tzwang\graphics\modeldrawd01\3ddraw01\include\zgl.h(417): warning C4244: '=' : conversion from 'double' to 'float', possible loss of data
f:\tzwang\graphics\modeldrawd01\3ddraw01\tygl\vertex.cpp(60): warning C4244: 'initializing' : conversion from 'float' to 'int', possible loss of data
f:\tzwang\graphics\modeldrawd01\3ddraw01\tygl\vertex.cpp(64): warning C4244: '=' : conversion from 'double' to 'float', possible loss of data
f:\tzwang\graphics\modeldrawd01\3ddraw01\tygl\vertex.cpp(65): warning C4244: '=' : conversion from 'double' to 'float', possible loss of data
f:\tzwang\graphics\modeldrawd01\3ddraw01\tygl\vertex.cpp(66): warning C4244: '=' : conversion from 'double' to 'float', possible loss of data
f:\tzwang\graphics\modeldrawd01\3ddraw01\tygl\vertex.cpp(68): warning C4244: '=' : conversion from 'double' to 'float', possible loss of data
f:\tzwang\graphics\modeldrawd01\3ddraw01\tygl\vertex.cpp(69): warning C4244: '=' : conversion from 'double' to 'float', possible loss of data
f:\tzwang\graphics\modeldrawd01\3ddraw01\tygl\vertex.cpp(70): warning C4244: '=' : conversion from 'double' to 'float', possible loss of data
f:\tzwang\graphics\modeldrawd01\3ddraw01\tygl\vertex.cpp(125): warning C4065: switch statement contains 'default' but no 'case' labels
f:\tzwang\graphics\modeldrawd01\3ddraw01\tygl\vertex.cpp(132): warning C4065: switch statement contains 'default' but no 'case' labels
  specbuf.cpp
f:\tzwang\graphics\modeldrawd01\3ddraw01\include\zgl.h(417): warning C4244: '=' : conversion from 'double' to 'float', possible loss of data
  msghandling.cpp
  misc.cpp
f:\tzwang\graphics\modeldrawd01\3ddraw01\include\zgl.h(417): warning C4244: '=' : conversion from 'double' to 'float', possible loss of data
  memory.cpp
f:\tzwang\graphics\modeldrawd01\3ddraw01\include\zgl.h(417): warning C4244: '=' : conversion from 'double' to 'float', possible loss of data
  matrix.cpp
f:\tzwang\graphics\modeldrawd01\3ddraw01\include\zgl.h(417): warning C4244: '=' : conversion from 'double' to 'float', possible loss of data
f:\tzwang\graphics\modeldrawd01\3ddraw01\tygl\matrix.cpp(119): warning C4244: '=' : conversion from 'double' to 'float', possible loss of data
f:\tzwang\graphics\modeldrawd01\3ddraw01\tygl\matrix.cpp(224): warning C4244: '=' : conversion from 'double' to 'float', possible loss of data
f:\tzwang\graphics\modeldrawd01\3ddraw01\tygl\matrix.cpp(225): warning C4244: '=' : conversion from 'double' to 'float', possible loss of data
f:\tzwang\graphics\modeldrawd01\3ddraw01\tygl\matrix.cpp(229): warning C4244: '=' : conversion from 'double' to 'float', possible loss of data
  light.cpp
f:\tzwang\graphics\modeldrawd01\3ddraw01\include\zgl.h(417): warning C4244: '=' : conversion from 'double' to 'float', possible loss of data
f:\tzwang\graphics\modeldrawd01\3ddraw01\tygl\light.cpp(46): warning C4244: '=' : conversion from 'float' to 'int', possible loss of data
f:\tzwang\graphics\modeldrawd01\3ddraw01\tygl\light.cpp(123): warning C4244: '=' : conversion from 'double' to 'float', possible loss of data
f:\tzwang\graphics\modeldrawd01\3ddraw01\tygl\light.cpp(278): warning C4244: '=' : conversion from 'double' to 'float', possible loss of data
  kh_project.cpp
f:\tzwang\graphics\modeldrawd01\3ddraw01\tygl\kh_project.cpp(65): warning C4244: '=' : conversion from 'GLdouble' to 'float', possible loss of data
f:\tzwang\graphics\modeldrawd01\3ddraw01\tygl\kh_project.cpp(66): warning C4244: '=' : conversion from 'GLdouble' to 'float', possible loss of data
f:\tzwang\graphics\modeldrawd01\3ddraw01\tygl\kh_project.cpp(67): warning C4244: '=' : conversion from 'GLdouble' to 'float', possible loss of data
f:\tzwang\graphics\modeldrawd01\3ddraw01\tygl\kh_project.cpp(69): warning C4244: '=' : conversion from 'GLdouble' to 'float', possible loss of data
f:\tzwang\graphics\modeldrawd01\3ddraw01\tygl\kh_project.cpp(70): warning C4244: '=' : conversion from 'GLdouble' to 'float', possible loss of data
f:\tzwang\graphics\modeldrawd01\3ddraw01\tygl\kh_project.cpp(71): warning C4244: '=' : conversion from 'GLdouble' to 'float', possible loss of data
  init.cpp
f:\tzwang\graphics\modeldrawd01\3ddraw01\include\zgl.h(417): warning C4244: '=' : conversion from 'double' to 'float', possible loss of data
f:\tzwang\graphics\modeldrawd01\3ddraw01\tygl\init.cpp(83): warning C4305: 'argument' : truncation from 'double' to 'float'
f:\tzwang\graphics\modeldrawd01\3ddraw01\tygl\init.cpp(83): warning C4305: 'argument' : truncation from 'double' to 'float'
f:\tzwang\graphics\modeldrawd01\3ddraw01\tygl\init.cpp(83): warning C4305: 'argument' : truncation from 'double' to 'float'
f:\tzwang\graphics\modeldrawd01\3ddraw01\tygl\init.cpp(92): warning C4305: 'argument' : truncation from 'double' to 'float'
f:\tzwang\graphics\modeldrawd01\3ddraw01\tygl\init.cpp(92): warning C4305: 'argument' : truncation from 'double' to 'float'
f:\tzwang\graphics\modeldrawd01\3ddraw01\tygl\init.cpp(92): warning C4305: 'argument' : truncation from 'double' to 'float'
f:\tzwang\graphics\modeldrawd01\3ddraw01\tygl\init.cpp(93): warning C4305: 'argument' : truncation from 'double' to 'float'
f:\tzwang\graphics\modeldrawd01\3ddraw01\tygl\init.cpp(93): warning C4305: 'argument' : truncation from 'double' to 'float'
f:\tzwang\graphics\modeldrawd01\3ddraw01\tygl\init.cpp(93): warning C4305: 'argument' : truncation from 'double' to 'float'
  image_util.cpp
f:\tzwang\graphics\modeldrawd01\3ddraw01\include\zgl.h(417): warning C4244: '=' : conversion from 'double' to 'float', possible loss of data
  glx.cpp
f:\tzwang\graphics\modeldrawd01\3ddraw01\include\zgl.h(417): warning C4244: '=' : conversion from 'double' to 'float', possible loss of data
f:\tzwang\graphics\modeldrawd01\3ddraw01\include\c24bitmap.h : warning C4819: The file contains a character that cannot be represented in the current code page (936). Save the file in Unicode format to prevent data loss
f:\tzwang\graphics\modeldrawd01\3ddraw01\include\c24bitmap.h(207): warning C4244: 'argument' : conversion from 'double' to 'int', possible loss of data
f:\tzwang\graphics\modeldrawd01\3ddraw01\include\c24bitmap.h(207): warning C4244: 'argument' : conversion from 'double' to 'int', possible loss of data
f:\tzwang\graphics\modeldrawd01\3ddraw01\include\c24bitmap.h(207): warning C4244: 'argument' : conversion from 'double' to 'int', possible loss of data
f:\tzwang\graphics\modeldrawd01\3ddraw01\include\c24bitmap.h(207): warning C4244: 'argument' : conversion from 'double' to 'int', possible loss of data
f:\tzwang\graphics\modeldrawd01\3ddraw01\include\c24bitmap.h(208): warning C4244: 'argument' : conversion from 'double' to 'int', possible loss of data
f:\tzwang\graphics\modeldrawd01\3ddraw01\include\c24bitmap.h(208): warning C4244: 'argument' : conversion from 'double' to 'int', possible loss of data
f:\tzwang\graphics\modeldrawd01\3ddraw01\include\c24bitmap.h(208): warning C4244: 'argument' : conversion from 'double' to 'int', possible loss of data
f:\tzwang\graphics\modeldrawd01\3ddraw01\include\c24bitmap.h(208): warning C4244: 'argument' : conversion from 'double' to 'int', possible loss of data
f:\tzwang\graphics\modeldrawd01\3ddraw01\include\c24bitmap.h(209): warning C4244: 'argument' : conversion from 'double' to 'int', possible loss of data
f:\tzwang\graphics\modeldrawd01\3ddraw01\include\c24bitmap.h(209): warning C4244: 'argument' : conversion from 'double' to 'int', possible loss of data
f:\tzwang\graphics\modeldrawd01\3ddraw01\include\c24bitmap.h(209): warning C4244: 'argument' : conversion from 'double' to 'int', possible loss of data
f:\tzwang\graphics\modeldrawd01\3ddraw01\include\c24bitmap.h(209): warning C4244: 'argument' : conversion from 'double' to 'int', possible loss of data
f:\tzwang\graphics\modeldrawd01\3ddraw01\include\c24bitmap.h(210): warning C4244: 'argument' : conversion from 'double' to 'int', possible loss of data
f:\tzwang\graphics\modeldrawd01\3ddraw01\include\c24bitmap.h(210): warning C4244: 'argument' : conversion from 'double' to 'int', possible loss of data
f:\tzwang\graphics\modeldrawd01\3ddraw01\include\c24bitmap.h(210): warning C4244: 'argument' : conversion from 'double' to 'int', possible loss of data
f:\tzwang\graphics\modeldrawd01\3ddraw01\include\c24bitmap.h(210): warning C4244: 'argument' : conversion from 'double' to 'int', possible loss of data
f:\tzwang\graphics\modeldrawd01\3ddraw01\include\c24bitmap.h(402): warning C4244: '=' : conversion from 'double' to 'int', possible loss of data
f:\tzwang\graphics\modeldrawd01\3ddraw01\include\c24bitmap.h(403): warning C4244: '=' : conversion from 'double' to 'int', possible loss of data
f:\tzwang\graphics\modeldrawd01\3ddraw01\include\c24bitmap.h(406): warning C4244: '=' : conversion from 'int' to 'float', possible loss of data
f:\tzwang\graphics\modeldrawd01\3ddraw01\include\c24bitmap.h(406): warning C4244: '=' : conversion from 'int' to 'float', possible loss of data
f:\tzwang\graphics\modeldrawd01\3ddraw01\include\c24bitmap.h(413): warning C4244: '=' : conversion from 'double' to 'BYTE', possible loss of data
f:\tzwang\graphics\modeldrawd01\3ddraw01\include\c24bitmap.h(414): warning C4244: '=' : conversion from 'double' to 'BYTE', possible loss of data
f:\tzwang\graphics\modeldrawd01\3ddraw01\include\c24bitmap.h(415): warning C4244: '=' : conversion from 'double' to 'BYTE', possible loss of data
f:\tzwang\graphics\modeldrawd01\3ddraw01\include\c24bitmap.h(423): warning C4244: '=' : conversion from 'double' to 'int', possible loss of data
f:\tzwang\graphics\modeldrawd01\3ddraw01\include\c24bitmap.h(424): warning C4244: '=' : conversion from 'double' to 'int', possible loss of data
f:\tzwang\graphics\modeldrawd01\3ddraw01\include\c24bitmap.h(427): warning C4244: '=' : conversion from 'int' to 'float', possible loss of data
f:\tzwang\graphics\modeldrawd01\3ddraw01\include\c24bitmap.h(427): warning C4244: '=' : conversion from 'int' to 'float', possible loss of data
f:\tzwang\graphics\modeldrawd01\3ddraw01\include\c24bitmap.h(506): warning C4996: 'fopen': This function or variable may be unsafe. Consider using fopen_s instead. To disable deprecation, use _CRT_SECURE_NO_WARNINGS. See online help for details.
          c:\program files (x86)\microsoft visual studio 10.0\vc\include\stdio.h(234) : see declaration of 'fopen'
f:\tzwang\graphics\modeldrawd01\3ddraw01\include\c24bitmap.h(518): warning C4996: 'fopen': This function or variable may be unsafe. Consider using fopen_s instead. To disable deprecation, use _CRT_SECURE_NO_WARNINGS. See online help for details.
          c:\program files (x86)\microsoft visual studio 10.0\vc\include\stdio.h(234) : see declaration of 'fopen'
f:\tzwang\graphics\modeldrawd01\3ddraw01\include\c256bitmap.h : warning C4819: The file contains a character that cannot be represented in the current code page (936). Save the file in Unicode format to prevent data loss
f:\tzwang\graphics\modeldrawd01\3ddraw01\include\c256bitmap.h(96): warning C4996: 'fopen': This function or variable may be unsafe. Consider using fopen_s instead. To disable deprecation, use _CRT_SECURE_NO_WARNINGS. See online help for details.
          c:\program files (x86)\microsoft visual studio 10.0\vc\include\stdio.h(234) : see declaration of 'fopen'
f:\tzwang\graphics\modeldrawd01\3ddraw01\include\c256bitmap.h(107): warning C4996: 'fopen': This function or variable may be unsafe. Consider using fopen_s instead. To disable deprecation, use _CRT_SECURE_NO_WARNINGS. See online help for details.
          c:\program files (x86)\microsoft visual studio 10.0\vc\include\stdio.h(234) : see declaration of 'fopen'
  glu.cpp
f:\tzwang\graphics\modeldrawd01\3ddraw01\tygl\glu.cpp(27): warning C4244: 'argument' : conversion from 'double' to 'float', possible loss of data
f:\tzwang\graphics\modeldrawd01\3ddraw01\tygl\glu.cpp(27): warning C4244: 'argument' : conversion from 'double' to 'float', possible loss of data
f:\tzwang\graphics\modeldrawd01\3ddraw01\tygl\glu.cpp(27): warning C4244: 'argument' : conversion from 'double' to 'float', possible loss of data
f:\tzwang\graphics\modeldrawd01\3ddraw01\tygl\glu.cpp(32): warning C4244: 'argument' : conversion from 'double' to 'float', possible loss of data
f:\tzwang\graphics\modeldrawd01\3ddraw01\tygl\glu.cpp(32): warning C4244: 'argument' : conversion from 'double' to 'float', possible loss of data
f:\tzwang\graphics\modeldrawd01\3ddraw01\tygl\glu.cpp(32): warning C4244: 'argument' : conversion from 'double' to 'float', possible loss of data
f:\tzwang\graphics\modeldrawd01\3ddraw01\tygl\glu.cpp(45): warning C4244: '/=' : conversion from 'GLdouble' to 'GLfloat', possible loss of data
f:\tzwang\graphics\modeldrawd01\3ddraw01\tygl\glu.cpp(46): warning C4244: '/=' : conversion from 'GLdouble' to 'GLfloat', possible loss of data
f:\tzwang\graphics\modeldrawd01\3ddraw01\tygl\glu.cpp(47): warning C4244: '/=' : conversion from 'GLdouble' to 'GLfloat', possible loss of data
f:\tzwang\graphics\modeldrawd01\3ddraw01\tygl\glu.cpp(82): warning C4244: 'initializing' : conversion from 'double' to 'GLfloat', possible loss of data
f:\tzwang\graphics\modeldrawd01\3ddraw01\tygl\glu.cpp(83): warning C4244: 'initializing' : conversion from 'double' to 'GLfloat', possible loss of data
f:\tzwang\graphics\modeldrawd01\3ddraw01\tygl\glu.cpp(91): warning C4244: '=' : conversion from 'GLdouble' to 'GLfloat', possible loss of data
f:\tzwang\graphics\modeldrawd01\3ddraw01\tygl\glu.cpp(94): warning C4244: 'initializing' : conversion from 'double' to 'GLfloat', possible loss of data
f:\tzwang\graphics\modeldrawd01\3ddraw01\tygl\glu.cpp(95): warning C4244: 'initializing' : conversion from 'double' to 'GLfloat', possible loss of data
f:\tzwang\graphics\modeldrawd01\3ddraw01\tygl\glu.cpp(96): warning C4244: 'initializing' : conversion from 'double' to 'GLfloat', possible loss of data
f:\tzwang\graphics\modeldrawd01\3ddraw01\tygl\glu.cpp(97): warning C4244: 'initializing' : conversion from 'double' to 'GLfloat', possible loss of data
f:\tzwang\graphics\modeldrawd01\3ddraw01\tygl\glu.cpp(106): warning C4244: 'argument' : conversion from 'GLdouble' to 'float', possible loss of data
f:\tzwang\graphics\modeldrawd01\3ddraw01\tygl\glu.cpp(106): warning C4244: 'argument' : conversion from 'GLdouble' to 'float', possible loss of data
f:\tzwang\graphics\modeldrawd01\3ddraw01\tygl\glu.cpp(109): warning C4244: 'argument' : conversion from 'GLdouble' to 'float', possible loss of data
f:\tzwang\graphics\modeldrawd01\3ddraw01\tygl\glu.cpp(109): warning C4244: 'argument' : conversion from 'GLdouble' to 'float', possible loss of data
f:\tzwang\graphics\modeldrawd01\3ddraw01\tygl\glu.cpp(114): warning C4244: 'argument' : conversion from 'GLdouble' to 'float', possible loss of data
f:\tzwang\graphics\modeldrawd01\3ddraw01\tygl\glu.cpp(114): warning C4244: 'argument' : conversion from 'GLdouble' to 'float', possible loss of data
f:\tzwang\graphics\modeldrawd01\3ddraw01\tygl\glu.cpp(117): warning C4244: 'argument' : conversion from 'GLdouble' to 'float', possible loss of data
f:\tzwang\graphics\modeldrawd01\3ddraw01\tygl\glu.cpp(117): warning C4244: 'argument' : conversion from 'GLdouble' to 'float', possible loss of data
f:\tzwang\graphics\modeldrawd01\3ddraw01\tygl\glu.cpp(119): warning C4244: '+=' : conversion from 'GLdouble' to 'GLfloat', possible loss of data
f:\tzwang\graphics\modeldrawd01\3ddraw01\tygl\glu.cpp(144): warning C4244: '=' : conversion from 'GLdouble' to 'GLfloat', possible loss of data
f:\tzwang\graphics\modeldrawd01\3ddraw01\tygl\glu.cpp(148): warning C4244: '=' : conversion from 'GLdouble' to 'GLfloat', possible loss of data
f:\tzwang\graphics\modeldrawd01\3ddraw01\tygl\glu.cpp(150): warning C4244: '=' : conversion from 'GLdouble' to 'GLfloat', possible loss of data
f:\tzwang\graphics\modeldrawd01\3ddraw01\tygl\glu.cpp(157): warning C4244: '=' : conversion from 'double' to 'GLfloat', possible loss of data
f:\tzwang\graphics\modeldrawd01\3ddraw01\tygl\glu.cpp(157): warning C4244: '=' : conversion from 'double' to 'GLfloat', possible loss of data
f:\tzwang\graphics\modeldrawd01\3ddraw01\tygl\glu.cpp(158): warning C4244: 'argument' : conversion from 'double' to 'float', possible loss of data
f:\tzwang\graphics\modeldrawd01\3ddraw01\tygl\glu.cpp(158): warning C4244: 'argument' : conversion from 'double' to 'float', possible loss of data
f:\tzwang\graphics\modeldrawd01\3ddraw01\tygl\glu.cpp(160): warning C4244: 'argument' : conversion from 'double' to 'float', possible loss of data
f:\tzwang\graphics\modeldrawd01\3ddraw01\tygl\glu.cpp(160): warning C4244: 'argument' : conversion from 'double' to 'float', possible loss of data
f:\tzwang\graphics\modeldrawd01\3ddraw01\tygl\glu.cpp(186): warning C4244: '=' : conversion from 'double' to 'float', possible loss of data
f:\tzwang\graphics\modeldrawd01\3ddraw01\tygl\glu.cpp(187): warning C4244: '=' : conversion from 'double' to 'float', possible loss of data
f:\tzwang\graphics\modeldrawd01\3ddraw01\tygl\glu.cpp(195): warning C4244: '=' : conversion from 'double' to 'float', possible loss of data
f:\tzwang\graphics\modeldrawd01\3ddraw01\tygl\glu.cpp(205): warning C4244: '=' : conversion from 'double' to 'float', possible loss of data
f:\tzwang\graphics\modeldrawd01\3ddraw01\tygl\glu.cpp(206): warning C4244: '=' : conversion from 'double' to 'float', possible loss of data
f:\tzwang\graphics\modeldrawd01\3ddraw01\tygl\glu.cpp(223): warning C4244: '=' : conversion from 'double' to 'float', possible loss of data
f:\tzwang\graphics\modeldrawd01\3ddraw01\tygl\glu.cpp(247): warning C4244: '=' : conversion from 'double' to 'float', possible loss of data
f:\tzwang\graphics\modeldrawd01\3ddraw01\tygl\glu.cpp(251): warning C4244: '=' : conversion from 'double' to 'float', possible loss of data
  error.cpp
f:\tzwang\graphics\modeldrawd01\3ddraw01\include\zgl.h(417): warning C4244: '=' : conversion from 'double' to 'float', possible loss of data
  clip.cpp
f:\tzwang\graphics\modeldrawd01\3ddraw01\include\zgl.h(417): warning C4244: '=' : conversion from 'double' to 'float', possible loss of data
f:\tzwang\graphics\modeldrawd01\3ddraw01\tygl\clip.cpp(18): warning C4244: '=' : conversion from 'double' to 'float', possible loss of data
  api.cpp
f:\tzwang\graphics\modeldrawd01\3ddraw01\include\zgl.h(417): warning C4244: '=' : conversion from 'double' to 'float', possible loss of data
f:\tzwang\graphics\modeldrawd01\3ddraw01\tygl\api.cpp(296): warning C4244: '=' : conversion from 'double' to 'float', possible loss of data
f:\tzwang\graphics\modeldrawd01\3ddraw01\tygl\api.cpp(297): warning C4244: '=' : conversion from 'double' to 'float', possible loss of data
f:\tzwang\graphics\modeldrawd01\3ddraw01\tygl\api.cpp(298): warning C4244: '=' : conversion from 'double' to 'float', possible loss of data
f:\tzwang\graphics\modeldrawd01\3ddraw01\tygl\api.cpp(299): warning C4244: '=' : conversion from 'double' to 'float', possible loss of data
f:\tzwang\graphics\modeldrawd01\3ddraw01\tygl\api.cpp(300): warning C4244: '=' : conversion from 'double' to 'float', possible loss of data
f:\tzwang\graphics\modeldrawd01\3ddraw01\tygl\api.cpp(301): warning C4244: '=' : conversion from 'double' to 'float', possible loss of data
  main.cpp
f:\tzwang\graphics\modeldrawd01\3ddraw01\main.cpp : warning C4819: The file contains a character that cannot be represented in the current code page (936). Save the file in Unicode format to prevent data loss
f:\tzwang\graphics\modeldrawd01\3ddraw01\c24bitmap.h(207): warning C4244: 'argument' : conversion from 'double' to 'int', possible loss of data
f:\tzwang\graphics\modeldrawd01\3ddraw01\c24bitmap.h(207): warning C4244: 'argument' : conversion from 'double' to 'int', possible loss of data
f:\tzwang\graphics\modeldrawd01\3ddraw01\c24bitmap.h(207): warning C4244: 'argument' : conversion from 'double' to 'int', possible loss of data
f:\tzwang\graphics\modeldrawd01\3ddraw01\c24bitmap.h(207): warning C4244: 'argument' : conversion from 'double' to 'int', possible loss of data
f:\tzwang\graphics\modeldrawd01\3ddraw01\c24bitmap.h(208): warning C4244: 'argument' : conversion from 'double' to 'int', possible loss of data
f:\tzwang\graphics\modeldrawd01\3ddraw01\c24bitmap.h(208): warning C4244: 'argument' : conversion from 'double' to 'int', possible loss of data
f:\tzwang\graphics\modeldrawd01\3ddraw01\c24bitmap.h(208): warning C4244: 'argument' : conversion from 'double' to 'int', possible loss of data
f:\tzwang\graphics\modeldrawd01\3ddraw01\c24bitmap.h(208): warning C4244: 'argument' : conversion from 'double' to 'int', possible loss of data
f:\tzwang\graphics\modeldrawd01\3ddraw01\c24bitmap.h(209): warning C4244: 'argument' : conversion from 'double' to 'int', possible loss of data
f:\tzwang\graphics\modeldrawd01\3ddraw01\c24bitmap.h(209): warning C4244: 'argument' : conversion from 'double' to 'int', possible loss of data
f:\tzwang\graphics\modeldrawd01\3ddraw01\c24bitmap.h(209): warning C4244: 'argument' : conversion from 'double' to 'int', possible loss of data
f:\tzwang\graphics\modeldrawd01\3ddraw01\c24bitmap.h(209): warning C4244: 'argument' : conversion from 'double' to 'int', possible loss of data
f:\tzwang\graphics\modeldrawd01\3ddraw01\c24bitmap.h(210): warning C4244: 'argument' : conversion from 'double' to 'int', possible loss of data
f:\tzwang\graphics\modeldrawd01\3ddraw01\c24bitmap.h(210): warning C4244: 'argument' : conversion from 'double' to 'int', possible loss of data
f:\tzwang\graphics\modeldrawd01\3ddraw01\c24bitmap.h(210): warning C4244: 'argument' : conversion from 'double' to 'int', possible loss of data
f:\tzwang\graphics\modeldrawd01\3ddraw01\c24bitmap.h(210): warning C4244: 'argument' : conversion from 'double' to 'int', possible loss of data
f:\tzwang\graphics\modeldrawd01\3ddraw01\c24bitmap.h(402): warning C4244: '=' : conversion from 'double' to 'int', possible loss of data
f:\tzwang\graphics\modeldrawd01\3ddraw01\c24bitmap.h(403): warning C4244: '=' : conversion from 'double' to 'int', possible loss of data
f:\tzwang\graphics\modeldrawd01\3ddraw01\c24bitmap.h(406): warning C4244: '=' : conversion from 'int' to 'float', possible loss of data
f:\tzwang\graphics\modeldrawd01\3ddraw01\c24bitmap.h(406): warning C4244: '=' : conversion from 'int' to 'float', possible loss of data
f:\tzwang\graphics\modeldrawd01\3ddraw01\c24bitmap.h(413): warning C4244: '=' : conversion from 'double' to 'BYTE', possible loss of data
f:\tzwang\graphics\modeldrawd01\3ddraw01\c24bitmap.h(414): warning C4244: '=' : conversion from 'double' to 'BYTE', possible loss of data
f:\tzwang\graphics\modeldrawd01\3ddraw01\c24bitmap.h(415): warning C4244: '=' : conversion from 'double' to 'BYTE', possible loss of data
f:\tzwang\graphics\modeldrawd01\3ddraw01\c24bitmap.h(423): warning C4244: '=' : conversion from 'double' to 'int', possible loss of data
f:\tzwang\graphics\modeldrawd01\3ddraw01\c24bitmap.h(424): warning C4244: '=' : conversion from 'double' to 'int', possible loss of data
f:\tzwang\graphics\modeldrawd01\3ddraw01\c24bitmap.h(427): warning C4244: '=' : conversion from 'int' to 'float', possible loss of data
f:\tzwang\graphics\modeldrawd01\3ddraw01\c24bitmap.h(427): warning C4244: '=' : conversion from 'int' to 'float', possible loss of data
f:\tzwang\graphics\modeldrawd01\3ddraw01\c24bitmap.h(506): warning C4996: 'fopen': This function or variable may be unsafe. Consider using fopen_s instead. To disable deprecation, use _CRT_SECURE_NO_WARNINGS. See online help for details.
          c:\program files (x86)\microsoft visual studio 10.0\vc\include\stdio.h(234) : see declaration of 'fopen'
f:\tzwang\graphics\modeldrawd01\3ddraw01\c24bitmap.h(518): warning C4996: 'fopen': This function or variable may be unsafe. Consider using fopen_s instead. To disable deprecation, use _CRT_SECURE_NO_WARNINGS. See online help for details.
          c:\program files (x86)\microsoft visual studio 10.0\vc\include\stdio.h(234) : see declaration of 'fopen'
f:\tzwang\graphics\modeldrawd01\3ddraw01\include\zgl.h(417): warning C4244: '=' : conversion from 'double' to 'float', possible loss of data
f:\tzwang\graphics\modeldrawd01\3ddraw01\include\x11imp.h(50): warning C4101: 'i' : unreferenced local variable
f:\tzwang\graphics\modeldrawd01\3ddraw01\include\x11imp.h(202): warning C4101: 'buf' : unreferenced local variable
f:\tzwang\graphics\modeldrawd01\3ddraw01\include\x11imp.h(201): warning C4101: 'k' : unreferenced local variable
f:\tzwang\graphics\modeldrawd01\3ddraw01\readstl.h(282): warning C4996: 'fopen': This function or variable may be unsafe. Consider using fopen_s instead. To disable deprecation, use _CRT_SECURE_NO_WARNINGS. See online help for details.
          c:\program files (x86)\microsoft visual studio 10.0\vc\include\stdio.h(234) : see declaration of 'fopen'
f:\tzwang\graphics\modeldrawd01\3ddraw01\main.cpp(145): warning C4244: 'argument' : conversion from 'double' to 'float', possible loss of data
f:\tzwang\graphics\modeldrawd01\3ddraw01\main.cpp(145): warning C4244: 'argument' : conversion from 'double' to 'float', possible loss of data
f:\tzwang\graphics\modeldrawd01\3ddraw01\main.cpp(145): warning C4244: 'argument' : conversion from 'double' to 'float', possible loss of data
f:\tzwang\graphics\modeldrawd01\3ddraw01\main.cpp(148): warning C4244: 'argument' : conversion from 'double' to 'float', possible loss of data
f:\tzwang\graphics\modeldrawd01\3ddraw01\main.cpp(209): warning C4305: 'initializing' : truncation from 'double' to 'float'
f:\tzwang\graphics\modeldrawd01\3ddraw01\main.cpp(209): warning C4305: 'initializing' : truncation from 'double' to 'float'
f:\tzwang\graphics\modeldrawd01\3ddraw01\main.cpp(210): warning C4305: 'initializing' : truncation from 'double' to 'float'
f:\tzwang\graphics\modeldrawd01\3ddraw01\main.cpp(210): warning C4305: 'initializing' : truncation from 'double' to 'float'
f:\tzwang\graphics\modeldrawd01\3ddraw01\main.cpp(212): warning C4305: 'initializing' : truncation from 'double' to 'float'
f:\tzwang\graphics\modeldrawd01\3ddraw01\main.cpp(212): warning C4305: 'initializing' : truncation from 'double' to 'float'
f:\tzwang\graphics\modeldrawd01\3ddraw01\main.cpp(213): warning C4305: 'initializing' : truncation from 'double' to 'float'
f:\tzwang\graphics\modeldrawd01\3ddraw01\main.cpp(213): warning C4305: 'initializing' : truncation from 'double' to 'float'
f:\tzwang\graphics\modeldrawd01\3ddraw01\main.cpp(215): warning C4305: 'initializing' : truncation from 'double' to 'float'
f:\tzwang\graphics\modeldrawd01\3ddraw01\main.cpp(215): warning C4305: 'initializing' : truncation from 'double' to 'float'
f:\tzwang\graphics\modeldrawd01\3ddraw01\main.cpp(216): warning C4305: 'initializing' : truncation from 'double' to 'float'
f:\tzwang\graphics\modeldrawd01\3ddraw01\main.cpp(216): warning C4305: 'initializing' : truncation from 'double' to 'float'
f:\tzwang\graphics\modeldrawd01\3ddraw01\main.cpp(242): warning C4101: 'Emission' : unreferenced local variable
f:\tzwang\graphics\modeldrawd01\3ddraw01\main.cpp(263): warning C4018: '<' : signed/unsigned mismatch
f:\tzwang\graphics\modeldrawd01\3ddraw01\main.cpp(269): warning C4244: 'argument' : conversion from 'double' to 'float', possible loss of data
f:\tzwang\graphics\modeldrawd01\3ddraw01\main.cpp(269): warning C4244: 'argument' : conversion from 'double' to 'float', possible loss of data
f:\tzwang\graphics\modeldrawd01\3ddraw01\main.cpp(269): warning C4244: 'argument' : conversion from 'double' to 'float', possible loss of data
f:\tzwang\graphics\modeldrawd01\3ddraw01\main.cpp(273): warning C4244: 'argument' : conversion from 'double' to 'float', possible loss of data
f:\tzwang\graphics\modeldrawd01\3ddraw01\main.cpp(273): warning C4244: 'argument' : conversion from 'double' to 'float', possible loss of data
f:\tzwang\graphics\modeldrawd01\3ddraw01\main.cpp(273): warning C4244: 'argument' : conversion from 'double' to 'float', possible loss of data
f:\tzwang\graphics\modeldrawd01\3ddraw01\main.cpp(257): warning C4101: 'i' : unreferenced local variable
f:\tzwang\graphics\modeldrawd01\3ddraw01\main.cpp(307): warning C4305: 'argument' : truncation from 'double' to 'float'
f:\tzwang\graphics\modeldrawd01\3ddraw01\main.cpp(289): warning C4101: 'i' : unreferenced local variable
f:\tzwang\graphics\modeldrawd01\3ddraw01\main.cpp(422): warning C4305: '+=' : truncation from 'double' to 'float'
f:\tzwang\graphics\modeldrawd01\3ddraw01\main.cpp(432): warning C4305: '+=' : truncation from 'double' to 'float'
f:\tzwang\graphics\modeldrawd01\3ddraw01\main.cpp(443): warning C4305: '+=' : truncation from 'double' to 'float'
  3DS.cpp
f:\tzwang\graphics\modeldrawd01\3ddraw01\3ds.cpp(24): warning C4996: 'fopen': This function or variable may be unsafe. Consider using fopen_s instead. To disable deprecation, use _CRT_SECURE_NO_WARNINGS. See online help for details.
          c:\program files (x86)\microsoft visual studio 10.0\vc\include\stdio.h(234) : see declaration of 'fopen'
f:\tzwang\graphics\modeldrawd01\3ddraw01\3ds.cpp(29): warning C4996: 'sprintf': This function or variable may be unsafe. Consider using sprintf_s instead. To disable deprecation, use _CRT_SECURE_NO_WARNINGS. See online help for details.
          c:\program files (x86)\microsoft visual studio 10.0\vc\include\stdio.h(371) : see declaration of 'sprintf'
f:\tzwang\graphics\modeldrawd01\3ddraw01\3ds.cpp(43): warning C4996: 'sprintf': This function or variable may be unsafe. Consider using sprintf_s instead. To disable deprecation, use _CRT_SECURE_NO_WARNINGS. See online help for details.
          c:\program files (x86)\microsoft visual studio 10.0\vc\include\stdio.h(371) : see declaration of 'sprintf'
  Generating Code...
Link:
  c:\Program Files (x86)\Microsoft Visual Studio 10.0\VC\bin\link.exe /ERRORREPORT:PROMPT /OUT:"F:\tzwang\graphics\ModelDrawD01\3dDraw01\Debug\3dDraw.exe" /NOLOGO kernel32.lib user32.lib gdi32.lib winspool.lib comdlg32.lib advapi32.lib shell32.lib ole32.lib oleaut32.lib uuid.lib odbc32.lib odbccp32.lib /MANIFEST /ManifestFile:"Debug\3dDraw.exe.intermediate.manifest" /MANIFESTUAC:"level='asInvoker' uiAccess='false'" /DEBUG /PDB:"F:\tzwang\graphics\ModelDrawD01\3dDraw01\Debug\3dDraw.pdb" /TLBID:1 /DYNAMICBASE /NXCOMPAT /IMPLIB:"F:\tzwang\graphics\ModelDrawD01\3dDraw01\Debug\3dDraw.lib" /MACHINE:X86 Debug\3DS.obj
  Debug\main.obj
  Debug\api.obj
  Debug\clip.obj
  Debug\error.obj
  Debug\glu.obj
  Debug\glx.obj
  Debug\image_util.obj
  Debug\init.obj
  Debug\kh_project.obj
  Debug\light.obj
  Debug\matrix.obj
  Debug\memory.obj
  Debug\misc.obj
  Debug\msghandling.obj
  Debug\specbuf.obj
  Debug\vertex.obj
  Debug\zbuffer.obj
  Debug\ztriangle.obj
  3dDraw.vcxproj -> F:\tzwang\graphics\ModelDrawD01\3dDraw01\Debug\3dDraw.exe
Manifest:
  c:\Program Files (x86)\Microsoft SDKs\Windows\v7.0A\bin\mt.exe /nologo /verbose /outputresource:"F:\tzwang\graphics\ModelDrawD01\3dDraw01\Debug\3dDraw.exe;#1" /manifest Debug\3dDraw.exe.intermediate.manifest
FinalizeBuildStatus:
  Deleting file "Debug\3dDraw.unsuccessfulbuild".
  Touching "Debug\3dDraw.lastbuildstate".
Done Building Project "F:\tzwang\graphics\ModelDrawD01\3dDraw01\3dDraw.vcxproj" (rebuild target(s)).

Build succeeded.

Time Elapsed 00:00:18.83
