E:\GRAPHDEV\MODELDRAWD01\3DDRAWNAME\DEBUG\3DDRAW.EXE
E:\GRAPHDEV\MODELDRAWD01\3DDRAWNAME\DEBUG\3DDRAW.EXE.INTERMEDIATE.MANIFEST
E:\GRAPHDEV\MODELDRAWD01\3DDRAWNAME\DEBUG\3DDRAW.ILK
E:\GRAPHDEV\MODELDRAWD01\3DDRAWNAME\DEBUG\3DDRAW.PDB
E:\graphdev\ModelDrawD01\3dDrawName\Debug\3dDraw.write.1.tlog
E:\GRAPHDEV\MODELDRAWD01\3DDRAWNAME\DEBUG\3DS.OBJ
E:\GRAPHDEV\MODELDRAWD01\3DDRAWNAME\DEBUG\API.OBJ
E:\graphdev\ModelDrawD01\3dDrawName\Debug\cl.command.1.tlog
E:\graphdev\ModelDrawD01\3dDrawName\Debug\CL.read.1.tlog
E:\graphdev\ModelDrawD01\3dDrawName\Debug\CL.write.1.tlog
E:\GRAPHDEV\MODELDRAWD01\3DDRAWNAME\DEBUG\CLIP.OBJ
E:\GRAPHDEV\MODELDRAWD01\3DDRAWNAME\DEBUG\ERROR.OBJ
E:\GRAPHDEV\MODELDRAWD01\3DDRAWNAME\DEBUG\GLU.OBJ
E:\GRAPHDEV\MODELDRAWD01\3DDRAWNAME\DEBUG\GLX.OBJ
E:\GRAPHDEV\MODELDRAWD01\3DDRAWNAME\DEBUG\IMAGE_UTIL.OBJ
E:\GRAPHDEV\MODELDRAWD01\3DDRAWNAME\DEBUG\INIT.OBJ
E:\GRAPHDEV\MODELDRAWD01\3DDRAWNAME\DEBUG\KH_PROJECT.OBJ
E:\GRAPHDEV\MODELDRAWD01\3DDRAWNAME\DEBUG\LIGHT.OBJ
E:\graphdev\ModelDrawD01\3dDrawName\Debug\link.command.1.tlog
E:\graphdev\ModelDrawD01\3dDrawName\Debug\link.read.1.tlog
E:\graphdev\ModelDrawD01\3dDrawName\Debug\link.write.1.tlog
E:\GRAPHDEV\MODELDRAWD01\3DDRAWNAME\DEBUG\MAIN.OBJ
E:\GRAPHDEV\MODELDRAWD01\3DDRAWNAME\DEBUG\MATRIX.OBJ
E:\GRAPHDEV\MODELDRAWD01\3DDRAWNAME\DEBUG\MEMORY.OBJ
E:\GRAPHDEV\MODELDRAWD01\3DDRAWNAME\DEBUG\MISC.OBJ
E:\GRAPHDEV\MODELDRAWD01\3DDRAWNAME\DEBUG\MSGHANDLING.OBJ
E:\graphdev\ModelDrawD01\3dDrawName\Debug\mt.command.1.tlog
E:\graphdev\ModelDrawD01\3dDrawName\Debug\mt.read.1.tlog
E:\graphdev\ModelDrawD01\3dDrawName\Debug\mt.write.1.tlog
E:\GRAPHDEV\MODELDRAWD01\3DDRAWNAME\DEBUG\SPECBUF.OBJ
E:\graphdev\ModelDrawD01\3dDrawName\Debug\vc100.idb
E:\GRAPHDEV\MODELDRAWD01\3DDRAWNAME\DEBUG\VC100.PDB
E:\GRAPHDEV\MODELDRAWD01\3DDRAWNAME\DEBUG\VERTEX.OBJ
E:\GRAPHDEV\MODELDRAWD01\3DDRAWNAME\DEBUG\ZBUFFER.OBJ
E:\GRAPHDEV\MODELDRAWD01\3DDRAWNAME\DEBUG\ZTRIANGLE.OBJ
