F:\TZWANG\GRAPHICS\MODELDRAWD01\3DDRAW01\DEBUG\3DDRAW.EXE
F:\TZWANG\GRAPHICS\MODELDRAWD01\3DDRAW01\DEBUG\3DDRAW.EXE.INTERMEDIATE.MANIFEST
F:\TZWANG\GRAPHICS\MODELDRAWD01\3DDRAW01\DEBUG\3DDRAW.ILK
F:\TZWANG\GRAPHICS\MODELDRAWD01\3DDRAW01\DEBUG\3DDRAW.PDB
F:\tzwang\graphics\ModelDrawD01\3dDraw01\Debug\3dDraw.vcxprojResolveAssemblyReference.cache
F:\tzwang\graphics\ModelDrawD01\3dDraw01\Debug\3dDraw.write.1.tlog
F:\TZWANG\GRAPHICS\MODELDRAWD01\3DDRAW01\DEBUG\3DS.OBJ
F:\TZWANG\GRAPHICS\MODELDRAWD01\3DDRAW01\DEBUG\API.OBJ
F:\tzwang\graphics\ModelDrawD01\3dDraw01\Debug\cl.command.1.tlog
F:\tzwang\graphics\ModelDrawD01\3dDraw01\Debug\CL.read.1.tlog
F:\tzwang\graphics\ModelDrawD01\3dDraw01\Debug\CL.write.1.tlog
F:\TZWANG\GRAPHICS\MODELDRAWD01\3DDRAW01\DEBUG\CLIP.OBJ
F:\TZWANG\GRAPHICS\MODELDRAWD01\3DDRAW01\DEBUG\ERROR.OBJ
F:\TZWANG\GRAPHICS\MODELDRAWD01\3DDRAW01\DEBUG\GLU.OBJ
F:\TZWANG\GRAPHICS\MODELDRAWD01\3DDRAW01\DEBUG\GLX.OBJ
F:\TZWANG\GRAPHICS\MODELDRAWD01\3DDRAW01\DEBUG\IMAGE_UTIL.OBJ
F:\TZWANG\GRAPHICS\MODELDRAWD01\3DDRAW01\DEBUG\INIT.OBJ
F:\TZWANG\GRAPHICS\MODELDRAWD01\3DDRAW01\DEBUG\KH_PROJECT.OBJ
F:\TZWANG\GRAPHICS\MODELDRAWD01\3DDRAW01\DEBUG\LIGHT.OBJ
F:\tzwang\graphics\ModelDrawD01\3dDraw01\Debug\link.command.1.tlog
F:\tzwang\graphics\ModelDrawD01\3dDraw01\Debug\link.read.1.tlog
F:\tzwang\graphics\ModelDrawD01\3dDraw01\Debug\link.write.1.tlog
F:\TZWANG\GRAPHICS\MODELDRAWD01\3DDRAW01\DEBUG\MAIN.OBJ
F:\TZWANG\GRAPHICS\MODELDRAWD01\3DDRAW01\DEBUG\MATRIX.OBJ
F:\TZWANG\GRAPHICS\MODELDRAWD01\3DDRAW01\DEBUG\MEMORY.OBJ
F:\TZWANG\GRAPHICS\MODELDRAWD01\3DDRAW01\DEBUG\MISC.OBJ
F:\TZWANG\GRAPHICS\MODELDRAWD01\3DDRAW01\DEBUG\MSGHANDLING.OBJ
F:\tzwang\graphics\ModelDrawD01\3dDraw01\Debug\mt.command.1.tlog
F:\tzwang\graphics\ModelDrawD01\3dDraw01\Debug\mt.read.1.tlog
F:\tzwang\graphics\ModelDrawD01\3dDraw01\Debug\mt.write.1.tlog
F:\TZWANG\GRAPHICS\MODELDRAWD01\3DDRAW01\DEBUG\SPECBUF.OBJ
F:\tzwang\graphics\ModelDrawD01\3dDraw01\Debug\vc100.idb
F:\TZWANG\GRAPHICS\MODELDRAWD01\3DDRAW01\DEBUG\VC100.PDB
F:\TZWANG\GRAPHICS\MODELDRAWD01\3DDRAW01\DEBUG\VERTEX.OBJ
F:\TZWANG\GRAPHICS\MODELDRAWD01\3DDRAW01\DEBUG\ZBUFFER.OBJ
F:\TZWANG\GRAPHICS\MODELDRAWD01\3DDRAW01\DEBUG\ZTRIANGLE.OBJ
