F:\tzwang\graphics\raytest\rdev\3dDrawFN\Debug\3dDraw.vcxprojResolveAssemblyReference.cache
F:\tzwang\graphics\raytest\rdev\3dDrawFN\Debug\3dDraw.write.1.tlog
F:\TZWANG\GRAPHICS\RAYTEST\RDEV\3DDRAWFN\DEBUG\3DS.OBJ
F:\TZWANG\GRAPHICS\RAYTEST\RDEV\3DDRAWFN\DEBUG\API.OBJ
F:\tzwang\graphics\raytest\rdev\3dDrawFN\Debug\cl.command.1.tlog
F:\tzwang\graphics\raytest\rdev\3dDrawFN\Debug\CL.read.1.tlog
F:\tzwang\graphics\raytest\rdev\3dDrawFN\Debug\CL.write.1.tlog
F:\TZWANG\GRAPHICS\RAYTEST\RDEV\3DDRAWFN\DEBUG\CLIP.OBJ
F:\TZWANG\GRAPHICS\RAYTEST\RDEV\3DDRAWFN\DEBUG\ERROR.OBJ
F:\TZWANG\GRAPHICS\RAYTEST\RDEV\3DDRAWFN\DEBUG\GLX.OBJ
F:\TZWANG\GRAPHICS\RAYTEST\RDEV\3DDRAWFN\DEBUG\IMAGE_UTIL.OBJ
F:\TZWANG\GRAPHICS\RAYTEST\RDEV\3DDRAWFN\DEBUG\INIT.OBJ
F:\TZWANG\GRAPHICS\RAYTEST\RDEV\3DDRAWFN\DEBUG\KH_PROJECT.OBJ
F:\TZWANG\GRAPHICS\RAYTEST\RDEV\3DDRAWFN\DEBUG\LIGHT.OBJ
F:\TZWANG\GRAPHICS\RAYTEST\RDEV\3DDRAWFN\DEBUG\LIST.OBJ
F:\TZWANG\GRAPHICS\RAYTEST\RDEV\3DDRAWFN\DEBUG\MATRIX.OBJ
F:\TZWANG\GRAPHICS\RAYTEST\RDEV\3DDRAWFN\DEBUG\MEMORY.OBJ
F:\TZWANG\GRAPHICS\RAYTEST\RDEV\3DDRAWFN\DEBUG\MISC.OBJ
F:\TZWANG\GRAPHICS\RAYTEST\RDEV\3DDRAWFN\DEBUG\MSGHANDLING.OBJ
F:\TZWANG\GRAPHICS\RAYTEST\RDEV\3DDRAWFN\DEBUG\SPECBUF.OBJ
F:\TZWANG\GRAPHICS\RAYTEST\RDEV\3DDRAWFN\DEBUG\TEXTURE.OBJ
F:\tzwang\graphics\raytest\rdev\3dDrawFN\Debug\vc100.idb
F:\TZWANG\GRAPHICS\RAYTEST\RDEV\3DDRAWFN\DEBUG\VC100.PDB
F:\TZWANG\GRAPHICS\RAYTEST\RDEV\3DDRAWFN\DEBUG\VERTEX.OBJ
F:\TZWANG\GRAPHICS\RAYTEST\RDEV\3DDRAWFN\DEBUG\ZBUFFER.OBJ
F:\TZWANG\GRAPHICS\RAYTEST\RDEV\3DDRAWFN\DEBUG\ZMATH.OBJ
F:\TZWANG\GRAPHICS\RAYTEST\RDEV\3DDRAWFN\DEBUG\ZTRIANGLE.OBJ
